<?xml version="1.0" encoding="UTF-8"?>
<!-- Generated by org.testng.reporters.JUnitReportReporter -->
<testsuite hostname="MDLT201" failures="0" tests="1" name="com.runner.DbDemoRunner" time="302.039" errors="0" timestamp="2020-09-20T23:54:21 IST" skipped="0">
  <testcase classname="com.runner.DbDemoRunner" name="runScenario" time="302.039"/>
  <system-out/>
</testsuite> <!-- com.runner.DbDemoRunner -->
