<?xml version="1.0" encoding="UTF-8"?>
<!-- Generated by org.testng.reporters.JUnitReportReporter -->
<testsuite hostname="DESKTOP-VIK19AD" failures="0" tests="1" name="com.runner.WebRunner" time="75.882" errors="0" timestamp="2020-09-27T16:39:34 IST" skipped="0">
  <testcase classname="com.runner.WebRunner" name="runScenario" time="75.882"/>
  <system-out/>
</testsuite> <!-- com.runner.WebRunner -->
