<?xml version="1.0" encoding="UTF-8"?>
<!-- Generated by org.testng.reporters.JUnitReportReporter -->
<testsuite skipped="0" hostname="DESKTOP-FUFURT6" name="com.runner.WebRunner" tests="1" failures="0" timestamp="24 Sep 2020 10:21:35 GMT" time="19.941" errors="0">
  <testcase name="runScenario" time="19.941" classname="com.runner.WebRunner"/>
</testsuite> <!-- com.runner.WebRunner -->
