<?xml version="1.0" encoding="UTF-8"?>
<!-- Generated by org.testng.reporters.JUnitReportReporter -->
<testsuite skipped="0" hostname="DESKTOP-FUFURT6" name="com.runner.WebRunner" tests="4" failures="0" timestamp="26 Sep 2020 13:09:03 GMT" time="234.276" errors="0">
  <testcase name="runScenario" time="62.729" classname="com.runner.WebRunner"/>
  <testcase name="runScenario" time="55.142" classname="com.runner.WebRunner"/>
  <testcase name="runScenario" time="58.927" classname="com.runner.WebRunner"/>
  <testcase name="runScenario" time="57.478" classname="com.runner.WebRunner"/>
</testsuite> <!-- com.runner.WebRunner -->
