<?xml version="1.0" encoding="UTF-8"?>
<!-- Generated by org.testng.reporters.JUnitReportReporter -->
<testsuite skipped="0" hostname="DESKTOP-FUFURT6" name="com.runner.WebRunner" tests="1" failures="0" timestamp="27 Sep 2020 11:03:05 GMT" time="62.572" errors="0">
  <testcase name="runScenario" time="62.572" classname="com.runner.WebRunner"/>
</testsuite> <!-- com.runner.WebRunner -->
