<?xml version="1.0" encoding="UTF-8"?>
<!-- Generated by org.testng.reporters.JUnitReportReporter -->
<<<<<<< HEAD
<testsuite skipped="0" hostname="DESKTOP-FUFURT6" name="com.runner.WebRunner" tests="1" failures="0" timestamp="27 Sep 2020 11:03:05 GMT" time="62.572" errors="0">
  <testcase name="runScenario" time="62.572" classname="com.runner.WebRunner"/>
=======
<testsuite hostname="DESKTOP-VIK19AD" failures="0" tests="1" name="com.runner.WebRunner" time="75.882" errors="0" timestamp="2020-09-27T16:39:34 IST" skipped="0">
  <testcase classname="com.runner.WebRunner" name="runScenario" time="75.882"/>
  <system-out/>
>>>>>>> 89e17acab95aade52d03db440504666b0e1a2c49
</testsuite> <!-- com.runner.WebRunner -->
