<?xml version="1.0" encoding="UTF-8"?>
<!-- Generated by org.testng.reporters.JUnitReportReporter -->
<testsuite hostname="DESKTOP-FUFURT6" name="com.runner.WebRunner" tests="3" failures="0" timestamp="24 Sep 2020 10:59:51 GMT" time="182.515" errors="0">
  <testcase name="runScenario" time="34.277" classname="com.runner.WebRunner"/>
  <testcase name="runScenario" time="71.749" classname="com.runner.WebRunner"/>
  <testcase name="runScenario" time="76.489" classname="com.runner.WebRunner"/>
</testsuite> <!-- com.runner.WebRunner -->
