<?xml version="1.0" encoding="UTF-8"?>
<!-- Generated by org.testng.reporters.JUnitReportReporter -->
<testsuite hostname="DESKTOP-FUFURT6" name="com.runner.WebRunner" tests="1" failures="0" timestamp="26 Sep 2020 13:39:04 GMT" time="66.873" errors="0">
  <testcase name="runScenario" time="66.873" classname="com.runner.WebRunner"/>
</testsuite> <!-- com.runner.WebRunner -->
